proguard/seeds.txt
cn.zytec.lee.AboutActivity
cn.zytec.lee.AboutActivity: AboutActivity()
cn.zytec.lee.AboutActivity: void onClick(android.view.View)
cn.zytec.lee.BuildConfig: BuildConfig()
cn.zytec.lee.CardBoxApp
cn.zytec.lee.CardBoxApp: void onCreate()
cn.zytec.lee.CardBoxApp: void addActivity(android.app.Activity)
cn.zytec.lee.CardBoxApp: void exit()
cn.zytec.lee.CardBoxApp: cn.zytec.lee.CardBoxApp getInstance()
cn.zytec.lee.DetailActivity
cn.zytec.lee.DetailActivity: DetailActivity()
cn.zytec.lee.DetailActivity: void onCreate(android.os.Bundle)
cn.zytec.lee.DetailActivity: void onClick(android.view.View)
cn.zytec.lee.IntroduceActivity
cn.zytec.lee.IntroduceActivity: IntroduceActivity()
cn.zytec.lee.IntroduceActivity: void onCreate(android.os.Bundle)
cn.zytec.lee.IntroduceActivity: void OnViewChange(int)
cn.zytec.lee.IntroduceActivity$1: void onClick(android.view.View)
cn.zytec.lee.MainActivity
cn.zytec.lee.MainActivity: MainActivity()
cn.zytec.lee.MainActivity: void onCreate(android.os.Bundle)
cn.zytec.lee.MainActivity: void onClick(android.view.View)
cn.zytec.lee.MainActivity: boolean dispatchTouchEvent(android.view.MotionEvent)
cn.zytec.lee.MainActivity: boolean onCreateOptionsMenu(android.view.Menu)
cn.zytec.lee.MainActivity: void onEnd(com.iflytek.speech.SpeechError)
cn.zytec.lee.MainActivity: void onResults(java.util.ArrayList,boolean)
cn.zytec.lee.MainActivity: boolean onKeyDown(int,android.view.KeyEvent)
cn.zytec.lee.MainActivity$1: void onAccuracyChanged(android.hardware.Sensor,int)
cn.zytec.lee.MainActivity$1: void onSensorChanged(android.hardware.SensorEvent)
cn.zytec.lee.MainActivity$2: void handleMessage(android.os.Message)
cn.zytec.lee.MainActivity$3: void onItemClick(android.widget.AdapterView,android.view.View,int,long)
cn.zytec.lee.MainActivity$4: void onItemClick(android.widget.AdapterView,android.view.View,int,long)
cn.zytec.lee.Manifest: Manifest()
cn.zytec.lee.Manifest$permission: Manifest$permission()
cn.zytec.lee.R: R()
cn.zytec.lee.R$array: R$array()
cn.zytec.lee.R$attr: R$attr()
cn.zytec.lee.R$color: R$color()
cn.zytec.lee.R$dimen: R$dimen()
cn.zytec.lee.R$drawable: R$drawable()
cn.zytec.lee.R$id: R$id()
cn.zytec.lee.R$layout: R$layout()
cn.zytec.lee.R$menu: R$menu()
cn.zytec.lee.R$string: R$string()
cn.zytec.lee.R$style: R$style()
cn.zytec.lee.R$xml: R$xml()
cn.zytec.lee.SettingActivity
cn.zytec.lee.SettingActivity: SettingActivity()
cn.zytec.lee.SettingActivity: void onClick(android.view.View)
cn.zytec.lee.SuggestionActivity
cn.zytec.lee.SuggestionActivity: SuggestionActivity()
cn.zytec.lee.SuggestionActivity: void onClick(android.view.View)
cn.zytec.lee.gallery.GalleryFlow
cn.zytec.lee.gallery.GalleryFlow: GalleryFlow(android.content.Context)
cn.zytec.lee.gallery.GalleryFlow: GalleryFlow(android.content.Context,android.util.AttributeSet)
cn.zytec.lee.gallery.GalleryFlow: GalleryFlow(android.content.Context,android.util.AttributeSet,int)
cn.zytec.lee.gallery.GalleryFlow: int getMaxRotationAngle()
cn.zytec.lee.gallery.GalleryFlow: void setMaxRotationAngle(int)
cn.zytec.lee.gallery.GalleryFlow: int getMaxZoom()
cn.zytec.lee.gallery.GalleryFlow: void setMaxZoom(int)
cn.zytec.lee.gallery.ImageAdapter: ImageAdapter(android.content.Context)
cn.zytec.lee.gallery.ImageAdapter: android.graphics.Bitmap createReflectedImages(android.graphics.Bitmap)
cn.zytec.lee.gallery.ImageAdapter: int getCount()
cn.zytec.lee.gallery.ImageAdapter: java.lang.Object getItem(int)
cn.zytec.lee.gallery.ImageAdapter: long getItemId(int)
cn.zytec.lee.gallery.ImageAdapter: android.view.View getView(int,android.view.View,android.view.ViewGroup)
cn.zytec.lee.gallery.ImageAdapter: float getScale(boolean,int)
...
android.support.v4.app.NotificationCompat$NotificationCompatImplJellybean
android.support.v4.app.NotificationCompat$NotificationCompatImplJellybean: android.app.Notification build(android.support.v4.app.NotificationCompat$Builder)
android.support.v4.app.NotificationCompat$Style
android.support.v4.app.NotificationCompat$Style: NotificationCompat$Style()
android.support.v4.app.NotificationCompat$Style: void setBuilder(android.support.v4.app.NotificationCompat$Builder)
android.support.v4.app.NotificationCompat$Style: android.app.Notification build()
android.support.v4.app.NotificationCompatHoneycomb
android.support.v4.app.NotificationCompatIceCreamSandwich
android.support.v4.app.NotificationCompatJellybean
android.support.v4.app.NotificationCompatJellybean: NotificationCompatJellybean(android.content.Context,android.app.Notification,java.lang.CharSequence,java.lang.CharSequence,java.lang.CharSequence,android.widget.RemoteViews,int,android.app.PendingIntent,android.app.PendingIntent,android.graphics.Bitmap,int,int,boolean,boolean,int,java.lang.CharSequence)
android.support.v4.app.NotificationCompatJellybean: void addAction(int,java.lang.CharSequence,android.app.PendingIntent)
android.support.v4.app.NotificationCompatJellybean: void addBigTextStyle(java.lang.CharSequence,boolean,java.lang.CharSequence,java.lang.CharSequence)
android.support.v4.app.NotificationCompatJellybean: void addBigPictureStyle(java.lang.CharSequence,boolean,java.lang.CharSequence,android.graphics.Bitmap)
android.support.v4.app.NotificationCompatJellybean: void addInboxStyle(java.lang.CharSequence,boolean,java.lang.CharSequence,java.util.ArrayList)
android.support.v4.app.NotificationCompatJellybean: android.app.Notification build()
android.support.v4.app.ServiceCompat
android.support.v4.app.ShareCompat
android.support.v4.app.ShareCompat: ShareCompat()
android.support.v4.app.ShareCompat: java.lang.String getCallingPackage(android.app.Activity)
android.support.v4.app.ShareCompat: android.content.ComponentName getCallingActivity(android.app.Activity)
android.support.v4.app.ShareCompat: void configureMenuItem(android.view.MenuItem,android.support.v4.app.ShareCompat$IntentBuilder)
android.support.v4.app.ShareCompat: void configureMenuItem(android.view.Menu,int,android.support.v4.app.ShareCompat$IntentBuilder)
android.support.v4.app.ShareCompat$IntentBuilder
android.support.v4.app.ShareCompat$IntentBuilder: android.support.v4.app.ShareCompat$IntentBuilder from(android.app.Activity)
android.support.v4.app.ShareCompat$IntentBuilder: android.content.Intent getIntent()
android.support.v4.app.ShareCompat$IntentBuilder: android.content.Intent createChooserIntent()
android.support.v4.app.ShareCompat$IntentBuilder: void startChooser()
android.support.v4.app.ShareCompat$IntentBuilder: android.support.v4.app.ShareCompat$IntentBuilder setChooserTitle(java.lang.CharSequence)
android.support.v4.app.ShareCompat$IntentBuilder: android.support.v4.app.ShareCompat$IntentBuilder setChooserTitle(int)
android.support.v4.app.ShareCompat$IntentBuilder: android.support.v4.app.ShareCompat$IntentBuilder setType(java.lang.String)
android.support.v4.app.ShareCompat$IntentBuilder: android.support.v4.app.ShareCompat$IntentBuilder setText(java.lang.CharSequence)
android.support.v4.app.ShareCompat$IntentBuilder: android.support.v4.app.ShareCompat$IntentBuilder setHtmlText(java.lang.String)
android.support.v4.app.ShareCompat$IntentBuilder: android.support.v4.app.ShareCompat$IntentBuilder setStream(android.net.Uri)
android.support.v4.app.ShareCompat$IntentBuilder: android.support.v4.app.ShareCompat$IntentBuilder addStream(android.net.Uri)
android.support.v4.app.ShareCompat$IntentBuilder: android.support.v4.app.ShareCompat$IntentBuilder setEmailTo(java.lang.String[])