proguard/mapping.txt
cn.zytec.lee.AboutActivity -> cn.zytec.lee.AboutActivity:
    android.widget.ImageView back -> a
    android.widget.Button button -> b
    21:29:void onCreate(android.os.Bundle) -> onCreate
    34:53:void onClick(android.view.View) -> onClick
cn.zytec.lee.BuildConfig -> cn.zytec.lee.a:
    boolean DEBUG -> a
cn.zytec.lee.CardBoxApp -> cn.zytec.lee.CardBoxApp:
    java.util.List activityList -> m
    cn.zytec.lee.CardBoxApp instance -> n
    int displayWidth -> a
    int displayHeight -> b
    int currentBg -> c
    int GALLERYVIEW -> d
    int GRIDVIEW -> e
    int currentViewMode -> f
    boolean vibraState -> g
    int backGround -> h
    boolean isVoiceRecognizeTips -> i
    boolean isIntruduceDisplay -> j
    java.lang.String mGrammarId -> k
    java.lang.Integer[] appImages -> l
    63:70:void onCreate() -> onCreate
    73:74:void addActivity(android.app.Activity) -> addActivity
    77:81:void exit() -> exit
    88:91:cn.zytec.lee.CardBoxApp getInstance() -> getInstance
cn.zytec.lee.DetailActivity -> cn.zytec.lee.DetailActivity:
    android.widget.ImageView back -> c
    android.widget.ImageView mHeroDetailIv -> d
    android.widget.TextView mHeroStarsTv -> e
    android.widget.TextView mHeroDetailTv -> f
    android.widget.TextView mHeroPositionTv -> g
    android.widget.TextView mHeroNameTv -> h
    android.widget.LinearLayout background -> i
    int mPosition -> j
    java.lang.Integer[] heroDetails -> k
    java.lang.String[] heroNames -> a
    java.lang.String[] heroStars -> l
    java.lang.String[] heroPos -> b
    129:166:void onCreate(android.os.Bundle) -> onCreate
    169:176:void findView() -> a
    179:180:void addListener() -> b
    184:192:void onClick(android.view.View) -> onClick
cn.zytec.lee.IntroduceActivity -> cn.zytec.lee.IntroduceActivity:
    cn.zytec.lee.introduce.MyScrollLayout mScrollLayout -> a
    android.widget.ImageView[] imgs -> b
    int count -> c
    int currentItem -> d
    android.widget.Button startBtn -> e
    android.widget.RelativeLayout mainRLayout -> f
    android.widget.LinearLayout pointLLayout -> g
    android.view.View$OnClickListener onClick -> h
    29:42:void onCreate(android.os.Bundle) -> onCreate
    45:61:void initView() -> a
    78:83:void commitIntroducePre() -> b
    87:88:void OnViewChange(int) -> OnViewChange
    91:97:void setcurrentPoint(int) -> a
    77:77:void access$0(cn.zytec.lee.IntroduceActivity) -> a
cn.zytec.lee.IntroduceActivity$1 -> cn.zytec.lee.IntroduceActivity$1:
    cn.zytec.lee.IntroduceActivity this$0 -> a
    66:74:void onClick(android.view.View) -> onClick
...
com.iflytek.speech.e -> com.iflytek.speech.e:
    com.iflytek.speech.c$a a -> a
    void handleMessage(android.os.Message) -> handleMessage
com.iflytek.speech.f -> com.iflytek.speech.f:
    void a(int) -> a
    void b() -> b
    void a() -> a
    void a(java.util.ArrayList,boolean) -> a
    void a(com.iflytek.speech.SpeechError) -> a
    void c() -> c
com.iflytek.speech.g -> com.iflytek.speech.g:
    com.iflytek.speech.SynthesizerPlayer a -> a
    void a(java.util.ArrayList,int,int,int) -> a
    void a() -> a
    void a(com.iflytek.speech.SpeechError) -> a
    void b() -> b
com.iflytek.speech.h -> com.iflytek.speech.h:
    com.iflytek.speech.SynthesizerPlayer a -> a
    void a() -> a
    void b() -> b
    void a(int,int,int) -> a
    void a(com.iflytek.speech.SpeechError) -> a
    void c() -> c
com.iflytek.ui.RecognizerDialog -> com.iflytek.ui.RecognizerDialog:
    void setListener(com.iflytek.ui.RecognizerDialogListener) -> setListener
    void setEngine(java.lang.String,java.lang.String,java.lang.String) -> setEngine
    void setSampleRate(com.iflytek.speech.SpeechConfig$RATE) -> setSampleRate
    int getDownflowBytes(boolean) -> getDownflowBytes
    int getUpflowBytes(boolean) -> getUpflowBytes
    void showErrorView(boolean,boolean) -> showErrorView
    void showMoreButton(boolean) -> showMoreButton
    void setRecordInterval(int) -> setRecordInterval
com.iflytek.ui.RecognizerDialogListener -> com.iflytek.ui.RecognizerDialogListener:
    void onResults(java.util.ArrayList,boolean) -> onResults
    void onEnd(com.iflytek.speech.SpeechError) -> onEnd
com.iflytek.ui.SynthesizerDialog -> com.iflytek.ui.SynthesizerDialog:
    void setText(java.lang.String,java.lang.String) -> setText
    void setVoiceName(java.lang.String) -> setVoiceName
    void setSampleRate(com.iflytek.speech.SpeechConfig$RATE) -> setSampleRate
    void setSpeed(int) -> setSpeed
    void setListener(com.iflytek.ui.SynthesizerDialogListener) -> setListener
    void setVolume(int) -> setVolume
    void setBackgroundSound(java.lang.String) -> setBackgroundSound
    void setPitch(int) -> setPitch
    com.iflytek.a.a$a getState() -> getState
    void pause() -> pause
    void resume() -> resume
    int getDownflowBytes(boolean) -> getDownflowBytes
    int getUpflowBytes(boolean) -> getUpflowBytes
com.iflytek.ui.SynthesizerDialogListener -> com.iflytek.ui.SynthesizerDialogListener:
    void onEnd(com.iflytek.speech.SpeechError) -> onEnd
com.iflytek.ui.UploadDialog -> com.iflytek.ui.UploadDialog:
    void setListener(com.iflytek.speech.SpeechListener) -> setListener
    void setContent(java.lang.String,byte[],java.lang.String) -> setContent
    void showErrorView(boolean,boolean) -> showErrorView
    void finalize() -> finalize
com.iflytek.ui.a -> com.iflytek.ui.a:
    int a() -> a
    void a(android.graphics.Canvas,android.graphics.Rect) -> a
    void b() -> b
    void c() -> c
    void d() -> d
com.iflytek.ui.b -> com.iflytek.ui.b:
    com.iflytek.ui.h a -> a
    void a() -> a
com.iflytek.ui.c -> com.iflytek.ui.c:
    int[] a -> a
    float[] b -> b
    int[] c -> c
    android.graphics.Path d -> d
    android.graphics.Paint e -> e
    int f -> f
    float g -> g
    com.iflytek.ui.c$a[] h -> h
    void a(int) -> a
    int a() -> a
    void a(android.graphics.Canvas,android.graphics.Rect) -> a
    void b() -> b
    void finalize() -> finalize
    void d() -> d
    void c() -> c
    float a(com.iflytek.ui.c) -> a
    android.graphics.Paint b(com.iflytek.ui.c) -> b
    android.graphics.Path e() -> e
com.iflytek.ui.c$a -> com.iflytek.ui.c$a:
    int b -> b
    float c -> c
    int d -> d
    int e -> e
    int f -> f
    com.iflytek.ui.c a -> a
    void a(android.graphics.Canvas,android.graphics.Rect) -> a
    void a() -> a